<?xml version="1.0" encoding="UTF-8" standalone="no"?>
<!DOCTYPE log SYSTEM "logger.dtd">
<log>
<record>
  <date>2018-02-12T06:09:05</date>
  <millis>1518415745228</millis>
  <sequence>44</sequence>
  <logger>dataLogger</logger>
  <level>INFO</level>
  <class>kov.develop.mvc.service.GoodService</class>
  <method>save</method>
  <thread>44</thread>
  <message>Good(name=222, description=222, price=22.0, quantity=2) successfully saved</message>
</record>
<record>
  <date>2018-02-12T06:09:11</date>
  <millis>1518415751632</millis>
  <sequence>45</sequence>
  <logger>dataLogger</logger>
  <level>INFO</level>
  <class>kov.develop.mvc.service.GoodService</class>
  <method>save</method>
  <thread>46</thread>
  <message>Good(name=22, description=, price=22.0, quantity=2) successfully saved</message>
</record>
<record>
  <date>2018-02-12T06:09:21</date>
  <millis>1518415761657</millis>
  <sequence>46</sequence>
  <logger>dataLogger</logger>
  <level>INFO</level>
  <class>kov.develop.mvc.service.GoodService</class>
  <method>save</method>
  <thread>42</thread>
  <message>Good(name=22, description=22, price=22.0, quantity=2) successfully saved</message>
</record>
<record>
  <date>2018-02-12T06:09:31</date>
  <millis>1518415771034</millis>
  <sequence>47</sequence>
  <logger>dataLogger</logger>
  <level>INFO</level>
  <class>kov.develop.mvc.service.GoodService</class>
  <method>save</method>
  <thread>48</thread>
  <message>Good(name=22, description=22, price=22.0, quantity=-1) successfully saved</message>
</record>
<record>
  <date>2018-02-12T06:10:33</date>
  <millis>1518415833353</millis>
  <sequence>48</sequence>
  <logger>dataLogger</logger>
  <level>INFO</level>
  <class>kov.develop.mvc.service.GoodService</class>
  <method>save</method>
  <thread>44</thread>
  <message>Good(name=222, description=22, price=-3.0, quantity=-3) successfully saved</message>
</record>
<record>
  <date>2018-02-12T06:13:33</date>
  <millis>1518416013104</millis>
  <sequence>49</sequence>
  <logger>dataLogger</logger>
  <level>INFO</level>
  <class>kov.develop.mvc.service.GoodService</class>
  <method>delete</method>
  <thread>41</thread>
  <message>Good with ID 4successfully deleted</message>
</record>
<record>
  <date>2018-02-12T06:13:41</date>
  <millis>1518416021484</millis>
  <sequence>50</sequence>
  <logger>dataLogger</logger>
  <level>INFO</level>
  <class>kov.develop.mvc.service.GoodService</class>
  <method>save</method>
  <thread>40</thread>
  <message>Good(name=22, description=22, price=22.0, quantity=3) successfully saved</message>
</record>
<record>
  <date>2018-02-12T06:14:16</date>
  <millis>1518416056015</millis>
  <sequence>51</sequence>
  <logger>dataLogger</logger>
  <level>INFO</level>
  <class>kov.develop.mvc.service.GoodService</class>
  <method>save</method>
  <thread>40</thread>
  <message>Good(name=22, description=, price=22.0, quantity=1) successfully saved</message>
</record>
<record>
  <date>2018-02-12T06:14:16</date>
  <millis>1518416056317</millis>
  <sequence>52</sequence>
  <logger>dataLogger</logger>
  <level>INFO</level>
  <class>kov.develop.mvc.service.PurchasingService</class>
  <method>save</method>
  <thread>40</thread>
  <message>Purchasing(user_id=2, good_id=3, date=2018-02-12, price=22.0, quantity=1) successfully saved</message>
</record>
<record>
  <date>2018-02-12T06:14:21</date>
  <millis>1518416061229</millis>
  <sequence>53</sequence>
  <logger>dataLogger</logger>
  <level>INFO</level>
  <class>kov.develop.mvc.service.GoodService</class>
  <method>save</method>
  <thread>42</thread>
  <message>Good(name=22, description=22, price=22.0, quantity=0) successfully saved</message>
</record>
<record>
  <date>2018-02-12T06:14:21</date>
  <millis>1518416061419</millis>
  <sequence>54</sequence>
  <logger>dataLogger</logger>
  <level>INFO</level>
  <class>kov.develop.mvc.service.PurchasingService</class>
  <method>save</method>
  <thread>42</thread>
  <message>Purchasing(user_id=2, good_id=5, date=2018-02-12, price=22.0, quantity=0) successfully saved</message>
</record>
<record>
  <date>2018-02-12T06:14:41</date>
  <millis>1518416081805</millis>
  <sequence>55</sequence>
  <logger>dataLogger</logger>
  <level>INFO</level>
  <class>kov.develop.mvc.service.GoodService</class>
  <method>save</method>
  <thread>41</thread>
  <message>Good(name=Meet, description=Beef, price=3.34, quantity=1) successfully saved</message>
</record>
<record>
  <date>2018-02-12T06:14:41</date>
  <millis>1518416081905</millis>
  <sequence>56</sequence>
  <logger>dataLogger</logger>
  <level>INFO</level>
  <class>kov.develop.mvc.service.PurchasingService</class>
  <method>save</method>
  <thread>41</thread>
  <message>Purchasing(user_id=2, good_id=1, date=2018-02-12, price=3.34, quantity=1) successfully saved</message>
</record>
<record>
  <date>2018-02-12T06:15:18</date>
  <millis>1518416118235</millis>
  <sequence>57</sequence>
  <logger>dataLogger</logger>
  <level>INFO</level>
  <class>kov.develop.mvc.service.UserService</class>
  <method>save</method>
  <thread>45</thread>
  <message>User {} successfully saved</message>
</record>
<record>
  <date>2018-02-12T06:16:47</date>
  <millis>1518416207124</millis>
  <sequence>58</sequence>
  <logger>dataLogger</logger>
  <level>INFO</level>
  <class>kov.develop.mvc.service.UserService</class>
  <method>save</method>
  <thread>41</thread>
  <message>User {} successfully saved</message>
</record>
<record>
  <date>2018-02-12T06:17:50</date>
  <millis>1518416270753</millis>
  <sequence>59</sequence>
  <logger>dataLogger</logger>
  <level>INFO</level>
  <class>kov.develop.mvc.service.UserService</class>
  <method>save</method>
  <thread>48</thread>
  <message>User {} successfully saved</message>
</record>
